C:\Users\abomb\Documents\code\my_projects\cpp\library\winapi-library\examples\quickwnd\DebugUnicode\cl.command.1.tlog
C:\Users\abomb\Documents\code\my_projects\cpp\library\winapi-library\examples\quickwnd\DebugUnicode\CL.read.1.tlog
C:\Users\abomb\Documents\code\my_projects\cpp\library\winapi-library\examples\quickwnd\DebugUnicode\CL.write.1.tlog
C:\Users\abomb\Documents\code\my_projects\cpp\library\winapi-library\examples\quickwnd\DebugUnicode\link.2028.read.1.tlog
C:\Users\abomb\Documents\code\my_projects\cpp\library\winapi-library\examples\quickwnd\DebugUnicode\link.2028.write.1.tlog
C:\Users\abomb\Documents\code\my_projects\cpp\library\winapi-library\examples\quickwnd\DebugUnicode\link.2028-cvtres.read.1.tlog
C:\Users\abomb\Documents\code\my_projects\cpp\library\winapi-library\examples\quickwnd\DebugUnicode\link.2028-cvtres.write.1.tlog
C:\Users\abomb\Documents\code\my_projects\cpp\library\winapi-library\examples\quickwnd\DebugUnicode\link.command.1.tlog
C:\Users\abomb\Documents\code\my_projects\cpp\library\winapi-library\examples\quickwnd\DebugUnicode\link.read.1.tlog
C:\Users\abomb\Documents\code\my_projects\cpp\library\winapi-library\examples\quickwnd\DebugUnicode\link.write.1.tlog
C:\Users\abomb\Documents\code\my_projects\cpp\library\winapi-library\examples\quickwnd\DebugUnicode\link-cvtres.read.1.tlog
C:\Users\abomb\Documents\code\my_projects\cpp\library\winapi-library\examples\quickwnd\DebugUnicode\link-cvtres.write.1.tlog
C:\USERS\ABOMB\DOCUMENTS\CODE\MY_PROJECTS\CPP\LIBRARY\WINAPI-LIBRARY\EXAMPLES\QUICKWND\DEBUGUNICODE\MAIN.OBJ
C:\Users\abomb\Documents\code\my_projects\cpp\library\winapi-library\examples\quickwnd\DebugUnicode\mt.command.1.tlog
C:\Users\abomb\Documents\code\my_projects\cpp\library\winapi-library\examples\quickwnd\DebugUnicode\mt.read.1.tlog
C:\Users\abomb\Documents\code\my_projects\cpp\library\winapi-library\examples\quickwnd\DebugUnicode\mt.write.1.tlog
C:\USERS\ABOMB\DOCUMENTS\CODE\MY_PROJECTS\CPP\LIBRARY\WINAPI-LIBRARY\EXAMPLES\QUICKWND\DEBUGUNICODE\QUICKWND.EXE
C:\USERS\ABOMB\DOCUMENTS\CODE\MY_PROJECTS\CPP\LIBRARY\WINAPI-LIBRARY\EXAMPLES\QUICKWND\DEBUGUNICODE\QUICKWND.EXE.EMBED.MANIFEST
C:\USERS\ABOMB\DOCUMENTS\CODE\MY_PROJECTS\CPP\LIBRARY\WINAPI-LIBRARY\EXAMPLES\QUICKWND\DEBUGUNICODE\QUICKWND.EXE.EMBED.MANIFEST.RES
C:\USERS\ABOMB\DOCUMENTS\CODE\MY_PROJECTS\CPP\LIBRARY\WINAPI-LIBRARY\EXAMPLES\QUICKWND\DEBUGUNICODE\QUICKWND.EXE.INTERMEDIATE.MANIFEST
C:\USERS\ABOMB\DOCUMENTS\CODE\MY_PROJECTS\CPP\LIBRARY\WINAPI-LIBRARY\EXAMPLES\QUICKWND\DEBUGUNICODE\QUICKWND.ILK
C:\USERS\ABOMB\DOCUMENTS\CODE\MY_PROJECTS\CPP\LIBRARY\WINAPI-LIBRARY\EXAMPLES\QUICKWND\DEBUGUNICODE\QUICKWND.PDB
C:\Users\abomb\Documents\code\my_projects\cpp\library\winapi-library\examples\quickwnd\DebugUnicode\quickwnd_manifest.rc
C:\Users\abomb\Documents\code\my_projects\cpp\library\winapi-library\examples\quickwnd\DebugUnicode\rc.command.1.tlog
C:\Users\abomb\Documents\code\my_projects\cpp\library\winapi-library\examples\quickwnd\DebugUnicode\rc.read.1.tlog
C:\Users\abomb\Documents\code\my_projects\cpp\library\winapi-library\examples\quickwnd\DebugUnicode\rc.write.1.tlog
C:\Users\abomb\Documents\code\my_projects\cpp\library\winapi-library\examples\quickwnd\DebugUnicode\vc100.idb
C:\USERS\ABOMB\DOCUMENTS\CODE\MY_PROJECTS\CPP\LIBRARY\WINAPI-LIBRARY\EXAMPLES\QUICKWND\DEBUGUNICODE\VC100.PDB
