C:\USERS\MICHAEL\DOCUMENTS\CODE\CPP\LIBRARY\WINAPI-LIBRARY\UNICODEDEBUG\2DMATH.OBJ
C:\USERS\MICHAEL\DOCUMENTS\CODE\CPP\LIBRARY\WINAPI-LIBRARY\UNICODEDEBUG\BITMAP.OBJ
C:\USERS\MICHAEL\DOCUMENTS\CODE\CPP\LIBRARY\WINAPI-LIBRARY\UNICODEDEBUG\CONSOLE.OBJ
C:\USERS\MICHAEL\DOCUMENTS\CODE\CPP\LIBRARY\WINAPI-LIBRARY\UNICODEDEBUG\SPLITTER.OBJ
C:\USERS\MICHAEL\DOCUMENTS\CODE\CPP\LIBRARY\WINAPI-LIBRARY\UNICODEDEBUG\WINAPI_GUI.OBJ
C:\USERS\MICHAEL\DOCUMENTS\CODE\CPP\LIBRARY\WINAPI-LIBRARY\UNICODEDEBUG\WINAPI_STRUCTURES.OBJ
C:\USERS\MICHAEL\DOCUMENTS\CODE\CPP\LIBRARY\WINAPI-LIBRARY\UNICODEDEBUG\WINAPI_TIMER.OBJ
C:\USERS\MICHAEL\DOCUMENTS\CODE\CPP\LIBRARY\WINAPI-LIBRARY\UNICODEDEBUG\WINAPI_FILE.OBJ
C:\USERS\MICHAEL\DOCUMENTS\CODE\CPP\LIBRARY\WINAPI-LIBRARY\UNICODEDEBUG\WINAPI_ERROR.OBJ
C:\USERS\MICHAEL\DOCUMENTS\CODE\CPP\LIBRARY\WINAPI-LIBRARY\UNICODEDEBUG\WINAPI_GDI.OBJ
C:\USERS\MICHAEL\DOCUMENTS\CODE\CPP\LIBRARY\WINAPI-LIBRARY\UNICODEDEBUG\WINAPI_RAII.OBJ
C:\USERS\MICHAEL\DOCUMENTS\CODE\CPP\LIBRARY\WINAPI-LIBRARY\UNICODEDEBUG\WINAPI_SHELL.OBJ
C:\USERS\MICHAEL\DOCUMENTS\CODE\CPP\LIBRARY\WINAPI-LIBRARY\UNICODEDEBUG\WINAPI_WINDOW.OBJ
C:\USERS\MICHAEL\DOCUMENTS\CODE\CPP\LIBRARY\WINAPI-LIBRARY\UNICODEDEBUG\WINAPI_WOUT.OBJ
C:\USERS\MICHAEL\DOCUMENTS\CODE\CPP\LIBRARY\WINAPI-LIBRARY\UNICODEDEBUG\VC110.PDB
C:\USERS\MICHAEL\DOCUMENTS\CODE\CPP\LIBRARY\WINAPI-LIBRARY\UNICODEDEBUG\WINAPI_MDDU.LIB
C:\Users\Michael\Documents\code\cpp\library\winapi-library\UnicodeDebug\2DMath.obj
C:\Users\Michael\Documents\code\cpp\library\winapi-library\UnicodeDebug\Bitmap.obj
C:\Users\Michael\Documents\code\cpp\library\winapi-library\UnicodeDebug\Console.obj
C:\Users\Michael\Documents\code\cpp\library\winapi-library\UnicodeDebug\splitter.obj
C:\Users\Michael\Documents\code\cpp\library\winapi-library\UnicodeDebug\winapi_error.obj
C:\Users\Michael\Documents\code\cpp\library\winapi-library\UnicodeDebug\winapi_file.obj
C:\Users\Michael\Documents\code\cpp\library\winapi-library\UnicodeDebug\winapi_gdi.obj
C:\Users\Michael\Documents\code\cpp\library\winapi-library\UnicodeDebug\winapi_GUI.obj
C:\Users\Michael\Documents\code\cpp\library\winapi-library\UnicodeDebug\winapi_RAII.obj
C:\Users\Michael\Documents\code\cpp\library\winapi-library\UnicodeDebug\winapi_shell.obj
C:\Users\Michael\Documents\code\cpp\library\winapi-library\UnicodeDebug\winapi_structures.obj
C:\Users\Michael\Documents\code\cpp\library\winapi-library\UnicodeDebug\winapi_timer.obj
C:\Users\Michael\Documents\code\cpp\library\winapi-library\UnicodeDebug\winapi_window.obj
C:\Users\Michael\Documents\code\cpp\library\winapi-library\UnicodeDebug\winapi_wout.obj
C:\Users\Michael\Documents\code\cpp\library\winapi-library\UnicodeDebug\cl.command.1.tlog
C:\Users\Michael\Documents\code\cpp\library\winapi-library\UnicodeDebug\CL.read.1.tlog
C:\Users\Michael\Documents\code\cpp\library\winapi-library\UnicodeDebug\CL.write.1.tlog
C:\Users\Michael\Documents\code\cpp\library\winapi-library\UnicodeDebug\Lib-link.read.1.tlog
C:\Users\Michael\Documents\code\cpp\library\winapi-library\UnicodeDebug\Lib-link.write.1.tlog
C:\Users\Michael\Documents\code\cpp\library\winapi-library\UnicodeDebug\lib.command.1.tlog
C:\Users\Michael\Documents\code\cpp\library\winapi-library\UnicodeDebug\vc110.idb
C:\Users\Michael\Documents\code\cpp\library\winapi-library\UnicodeDebug\vc110.pdb
C:\Users\Michael\Documents\code\cpp\library\winapi-library\UnicodeDebug\winapi_MDdu.lib
